Created by PLY version 3.11 (http://www.dabeaz.com/ply)

Grammar

Rule 0     S' -> sentencias
Rule 1     sentencias -> asignacion
Rule 2     sentencias -> expresion
Rule 3     sentencias -> metodos
Rule 4     sentencias -> NEWLINE
Rule 5     sentencias -> if
Rule 6     sentencias -> while
Rule 7     sentencias -> for
Rule 8     sentencias -> sort
Rule 9     sentencias -> include
Rule 10    sentencias -> valueOf
Rule 11    sentencias -> chartAt
Rule 12    sentencias -> push
Rule 13    sentencias -> slice
Rule 14    sentencias -> pop
Rule 15    sentencias -> concat
Rule 16    metodos -> imprimir
Rule 17    imprimir -> PROMPT LPAREN factor RPAREN
Rule 18    imprimir -> CONSOLE PUNTO LOG LPAREN factor RPAREN
Rule 19    if -> IF LPAREN condicion RPAREN then
Rule 20    if -> IF LPAREN condicion RPAREN then else
Rule 21    else -> ELSE then
Rule 22    while -> WHILE LPAREN condicion RPAREN then
Rule 23    for -> FOR LPAREN VAR condicion PUNTOCOMA condicion PUNTOCOMA instruccion RPAREN then
Rule 24    sort -> LISTA SORT
Rule 25    include -> factor INCLUDE LPAREN factor RPAREN
Rule 26    valueOf -> factor VALUEOF
Rule 27    chartAt -> factor CHARTAT LPAREN factor RPAREN
Rule 28    push -> factor PUSH LPAREN factor RPAREN
Rule 29    slice -> factor SLICE LPAREN factor COMA factor RPAREN
Rule 30    pop -> factor POP
Rule 31    concat -> factor CONCAT LPAREN factor RPAREN
Rule 32    instruccion -> factor ASCENDER
Rule 33    instruccion -> factor DESCENDER
Rule 34    then -> LLLAVES sentencias RLLAVES
Rule 35    asignacion -> PALABRA ASIGNACION expresion
Rule 36    expresion -> term MAS factor
Rule 37    expresion -> term MENOS factor
Rule 38    expresion -> term
Rule 39    expresion -> expresion PRODUCTO term
Rule 40    expresion -> expresion DIVISION term
Rule 41    expresion -> expresion POTENCIA term
Rule 42    expresion -> term MAYOR factor
Rule 43    expresion -> term MENOR factor
Rule 44    condicion -> factor IGUAL factor
Rule 45    condicion -> factor MAYOR factor
Rule 46    condicion -> factor MENOR factor
Rule 47    condicion -> factor ASIGNACION factor
Rule 48    condicion -> NOT factor
Rule 49    condicion -> factor DIFERENTE factor
Rule 50    condicion -> compuesta AND condicion
Rule 51    condicion -> compuesta OR condicion
Rule 52    condicion -> compuesta
Rule 53    compuesta -> LPAREN condicion RPAREN
Rule 54    term -> factor
Rule 55    factor -> NEW SET LPAREN LISTA RPAREN
Rule 56    factor -> NUMERO
Rule 57    factor -> FLOTANTE
Rule 58    factor -> PALABRA
Rule 59    factor -> STRING
Rule 60    factor -> LPAREN expresion RPAREN
Rule 61    factor -> LISTA
Rule 62    factor -> BOOLEANO
Rule 63    factor -> OBJETO

Terminals, with rules where they appear

AND                  : 50
ASCENDER             : 32
ASIGNACION           : 35 47
BOOLEANO             : 62
CHARTAT              : 27
COMA                 : 29
CONCAT               : 31
CONSOLE              : 18
DESCENDER            : 33
DIFERENTE            : 49
DIVISION             : 40
ELSE                 : 21
FLOTANTE             : 57
FOR                  : 23
IF                   : 19 20
IGUAL                : 44
INCLUDE              : 25
LISTA                : 24 55 61
LLLAVES              : 34
LOG                  : 18
LPAREN               : 17 18 19 20 22 23 25 27 28 29 31 53 55 60
MAS                  : 36
MAYOR                : 42 45
MENOR                : 43 46
MENOS                : 37
NEW                  : 55
NEWLINE              : 4
NOT                  : 48
NUMERO               : 56
OBJETO               : 63
OR                   : 51
PALABRA              : 35 58
POP                  : 30
POTENCIA             : 41
PRODUCTO             : 39
PROMPT               : 17
PUNTO                : 18
PUNTOCOMA            : 23 23
PUSH                 : 28
RLLAVES              : 34
RPAREN               : 17 18 19 20 22 23 25 27 28 29 31 53 55 60
SET                  : 55
SLICE                : 29
SORT                 : 24
STRING               : 59
VALUEOF              : 26
VAR                  : 23
WHILE                : 22
error                : 

Nonterminals, with rules where they appear

asignacion           : 1
chartAt              : 11
compuesta            : 50 51 52
concat               : 15
condicion            : 19 20 22 23 23 50 51 53
else                 : 20
expresion            : 2 35 39 40 41 60
factor               : 17 18 25 25 26 27 27 28 28 29 29 29 30 31 31 32 33 36 37 42 43 44 44 45 45 46 46 47 47 48 49 49 54
for                  : 7
if                   : 5
imprimir             : 16
include              : 9
instruccion          : 23
metodos              : 3
pop                  : 14
push                 : 12
sentencias           : 34 0
slice                : 13
sort                 : 8
term                 : 36 37 38 39 40 41 42 43
then                 : 19 20 21 22 23
valueOf              : 10
while                : 6

Parsing method: LALR

state 0

    (0) S' -> . sentencias
    (1) sentencias -> . asignacion
    (2) sentencias -> . expresion
    (3) sentencias -> . metodos
    (4) sentencias -> . NEWLINE
    (5) sentencias -> . if
    (6) sentencias -> . while
    (7) sentencias -> . for
    (8) sentencias -> . sort
    (9) sentencias -> . include
    (10) sentencias -> . valueOf
    (11) sentencias -> . chartAt
    (12) sentencias -> . push
    (13) sentencias -> . slice
    (14) sentencias -> . pop
    (15) sentencias -> . concat
    (35) asignacion -> . PALABRA ASIGNACION expresion
    (36) expresion -> . term MAS factor
    (37) expresion -> . term MENOS factor
    (38) expresion -> . term
    (39) expresion -> . expresion PRODUCTO term
    (40) expresion -> . expresion DIVISION term
    (41) expresion -> . expresion POTENCIA term
    (42) expresion -> . term MAYOR factor
    (43) expresion -> . term MENOR factor
    (16) metodos -> . imprimir
    (19) if -> . IF LPAREN condicion RPAREN then
    (20) if -> . IF LPAREN condicion RPAREN then else
    (22) while -> . WHILE LPAREN condicion RPAREN then
    (23) for -> . FOR LPAREN VAR condicion PUNTOCOMA condicion PUNTOCOMA instruccion RPAREN then
    (24) sort -> . LISTA SORT
    (25) include -> . factor INCLUDE LPAREN factor RPAREN
    (26) valueOf -> . factor VALUEOF
    (27) chartAt -> . factor CHARTAT LPAREN factor RPAREN
    (28) push -> . factor PUSH LPAREN factor RPAREN
    (29) slice -> . factor SLICE LPAREN factor COMA factor RPAREN
    (30) pop -> . factor POP
    (31) concat -> . factor CONCAT LPAREN factor RPAREN
    (54) term -> . factor
    (17) imprimir -> . PROMPT LPAREN factor RPAREN
    (18) imprimir -> . CONSOLE PUNTO LOG LPAREN factor RPAREN
    (55) factor -> . NEW SET LPAREN LISTA RPAREN
    (56) factor -> . NUMERO
    (57) factor -> . FLOTANTE
    (58) factor -> . PALABRA
    (59) factor -> . STRING
    (60) factor -> . LPAREN expresion RPAREN
    (61) factor -> . LISTA
    (62) factor -> . BOOLEANO
    (63) factor -> . OBJETO

    NEWLINE         shift and go to state 5
    PALABRA         shift and go to state 17
    IF              shift and go to state 21
    WHILE           shift and go to state 23
    FOR             shift and go to state 24
    LISTA           shift and go to state 25
    PROMPT          shift and go to state 26
    CONSOLE         shift and go to state 27
    NEW             shift and go to state 28
    NUMERO          shift and go to state 29
    FLOTANTE        shift and go to state 30
    STRING          shift and go to state 31
    LPAREN          shift and go to state 22
    BOOLEANO        shift and go to state 32
    OBJETO          shift and go to state 33

    sentencias                     shift and go to state 1
    asignacion                     shift and go to state 2
    expresion                      shift and go to state 3
    metodos                        shift and go to state 4
    if                             shift and go to state 6
    while                          shift and go to state 7
    for                            shift and go to state 8
    sort                           shift and go to state 9
    include                        shift and go to state 10
    valueOf                        shift and go to state 11
    chartAt                        shift and go to state 12
    push                           shift and go to state 13
    slice                          shift and go to state 14
    pop                            shift and go to state 15
    concat                         shift and go to state 16
    term                           shift and go to state 18
    factor                         shift and go to state 19
    imprimir                       shift and go to state 20

state 1

    (0) S' -> sentencias .



state 2

    (1) sentencias -> asignacion .

    $end            reduce using rule 1 (sentencias -> asignacion .)
    RLLAVES         reduce using rule 1 (sentencias -> asignacion .)


state 3

    (2) sentencias -> expresion .
    (39) expresion -> expresion . PRODUCTO term
    (40) expresion -> expresion . DIVISION term
    (41) expresion -> expresion . POTENCIA term

    $end            reduce using rule 2 (sentencias -> expresion .)
    RLLAVES         reduce using rule 2 (sentencias -> expresion .)
    PRODUCTO        shift and go to state 34
    DIVISION        shift and go to state 35
    POTENCIA        shift and go to state 36


state 4

    (3) sentencias -> metodos .

    $end            reduce using rule 3 (sentencias -> metodos .)
    RLLAVES         reduce using rule 3 (sentencias -> metodos .)


state 5

    (4) sentencias -> NEWLINE .

    $end            reduce using rule 4 (sentencias -> NEWLINE .)
    RLLAVES         reduce using rule 4 (sentencias -> NEWLINE .)


state 6

    (5) sentencias -> if .

    $end            reduce using rule 5 (sentencias -> if .)
    RLLAVES         reduce using rule 5 (sentencias -> if .)


state 7

    (6) sentencias -> while .

    $end            reduce using rule 6 (sentencias -> while .)
    RLLAVES         reduce using rule 6 (sentencias -> while .)


state 8

    (7) sentencias -> for .

    $end            reduce using rule 7 (sentencias -> for .)
    RLLAVES         reduce using rule 7 (sentencias -> for .)


state 9

    (8) sentencias -> sort .

    $end            reduce using rule 8 (sentencias -> sort .)
    RLLAVES         reduce using rule 8 (sentencias -> sort .)


state 10

    (9) sentencias -> include .

    $end            reduce using rule 9 (sentencias -> include .)
    RLLAVES         reduce using rule 9 (sentencias -> include .)


state 11

    (10) sentencias -> valueOf .

    $end            reduce using rule 10 (sentencias -> valueOf .)
    RLLAVES         reduce using rule 10 (sentencias -> valueOf .)


state 12

    (11) sentencias -> chartAt .

    $end            reduce using rule 11 (sentencias -> chartAt .)
    RLLAVES         reduce using rule 11 (sentencias -> chartAt .)


state 13

    (12) sentencias -> push .

    $end            reduce using rule 12 (sentencias -> push .)
    RLLAVES         reduce using rule 12 (sentencias -> push .)


state 14

    (13) sentencias -> slice .

    $end            reduce using rule 13 (sentencias -> slice .)
    RLLAVES         reduce using rule 13 (sentencias -> slice .)


state 15

    (14) sentencias -> pop .

    $end            reduce using rule 14 (sentencias -> pop .)
    RLLAVES         reduce using rule 14 (sentencias -> pop .)


state 16

    (15) sentencias -> concat .

    $end            reduce using rule 15 (sentencias -> concat .)
    RLLAVES         reduce using rule 15 (sentencias -> concat .)


state 17

    (35) asignacion -> PALABRA . ASIGNACION expresion
    (58) factor -> PALABRA .

    ASIGNACION      shift and go to state 37
    INCLUDE         reduce using rule 58 (factor -> PALABRA .)
    VALUEOF         reduce using rule 58 (factor -> PALABRA .)
    CHARTAT         reduce using rule 58 (factor -> PALABRA .)
    PUSH            reduce using rule 58 (factor -> PALABRA .)
    SLICE           reduce using rule 58 (factor -> PALABRA .)
    POP             reduce using rule 58 (factor -> PALABRA .)
    CONCAT          reduce using rule 58 (factor -> PALABRA .)
    MAS             reduce using rule 58 (factor -> PALABRA .)
    MENOS           reduce using rule 58 (factor -> PALABRA .)
    MAYOR           reduce using rule 58 (factor -> PALABRA .)
    MENOR           reduce using rule 58 (factor -> PALABRA .)
    PRODUCTO        reduce using rule 58 (factor -> PALABRA .)
    DIVISION        reduce using rule 58 (factor -> PALABRA .)
    POTENCIA        reduce using rule 58 (factor -> PALABRA .)
    $end            reduce using rule 58 (factor -> PALABRA .)
    RLLAVES         reduce using rule 58 (factor -> PALABRA .)


state 18

    (36) expresion -> term . MAS factor
    (37) expresion -> term . MENOS factor
    (38) expresion -> term .
    (42) expresion -> term . MAYOR factor
    (43) expresion -> term . MENOR factor

    MAS             shift and go to state 38
    MENOS           shift and go to state 39
    PRODUCTO        reduce using rule 38 (expresion -> term .)
    DIVISION        reduce using rule 38 (expresion -> term .)
    POTENCIA        reduce using rule 38 (expresion -> term .)
    $end            reduce using rule 38 (expresion -> term .)
    RPAREN          reduce using rule 38 (expresion -> term .)
    RLLAVES         reduce using rule 38 (expresion -> term .)
    MAYOR           shift and go to state 40
    MENOR           shift and go to state 41


state 19

    (25) include -> factor . INCLUDE LPAREN factor RPAREN
    (26) valueOf -> factor . VALUEOF
    (27) chartAt -> factor . CHARTAT LPAREN factor RPAREN
    (28) push -> factor . PUSH LPAREN factor RPAREN
    (29) slice -> factor . SLICE LPAREN factor COMA factor RPAREN
    (30) pop -> factor . POP
    (31) concat -> factor . CONCAT LPAREN factor RPAREN
    (54) term -> factor .

    INCLUDE         shift and go to state 42
    VALUEOF         shift and go to state 43
    CHARTAT         shift and go to state 44
    PUSH            shift and go to state 45
    SLICE           shift and go to state 46
    POP             shift and go to state 47
    CONCAT          shift and go to state 48
    MAS             reduce using rule 54 (term -> factor .)
    MENOS           reduce using rule 54 (term -> factor .)
    MAYOR           reduce using rule 54 (term -> factor .)
    MENOR           reduce using rule 54 (term -> factor .)
    PRODUCTO        reduce using rule 54 (term -> factor .)
    DIVISION        reduce using rule 54 (term -> factor .)
    POTENCIA        reduce using rule 54 (term -> factor .)
    $end            reduce using rule 54 (term -> factor .)
    RLLAVES         reduce using rule 54 (term -> factor .)


state 20

    (16) metodos -> imprimir .

    $end            reduce using rule 16 (metodos -> imprimir .)
    RLLAVES         reduce using rule 16 (metodos -> imprimir .)


state 21

    (19) if -> IF . LPAREN condicion RPAREN then
    (20) if -> IF . LPAREN condicion RPAREN then else

    LPAREN          shift and go to state 49


state 22

    (60) factor -> LPAREN . expresion RPAREN
    (36) expresion -> . term MAS factor
    (37) expresion -> . term MENOS factor
    (38) expresion -> . term
    (39) expresion -> . expresion PRODUCTO term
    (40) expresion -> . expresion DIVISION term
    (41) expresion -> . expresion POTENCIA term
    (42) expresion -> . term MAYOR factor
    (43) expresion -> . term MENOR factor
    (54) term -> . factor
    (55) factor -> . NEW SET LPAREN LISTA RPAREN
    (56) factor -> . NUMERO
    (57) factor -> . FLOTANTE
    (58) factor -> . PALABRA
    (59) factor -> . STRING
    (60) factor -> . LPAREN expresion RPAREN
    (61) factor -> . LISTA
    (62) factor -> . BOOLEANO
    (63) factor -> . OBJETO

    NEW             shift and go to state 28
    NUMERO          shift and go to state 29
    FLOTANTE        shift and go to state 30
    PALABRA         shift and go to state 53
    STRING          shift and go to state 31
    LPAREN          shift and go to state 22
    LISTA           shift and go to state 52
    BOOLEANO        shift and go to state 32
    OBJETO          shift and go to state 33

    expresion                      shift and go to state 50
    term                           shift and go to state 18
    factor                         shift and go to state 51

state 23

    (22) while -> WHILE . LPAREN condicion RPAREN then

    LPAREN          shift and go to state 54


state 24

    (23) for -> FOR . LPAREN VAR condicion PUNTOCOMA condicion PUNTOCOMA instruccion RPAREN then

    LPAREN          shift and go to state 55


state 25

    (24) sort -> LISTA . SORT
    (61) factor -> LISTA .

    SORT            shift and go to state 56
    INCLUDE         reduce using rule 61 (factor -> LISTA .)
    VALUEOF         reduce using rule 61 (factor -> LISTA .)
    CHARTAT         reduce using rule 61 (factor -> LISTA .)
    PUSH            reduce using rule 61 (factor -> LISTA .)
    SLICE           reduce using rule 61 (factor -> LISTA .)
    POP             reduce using rule 61 (factor -> LISTA .)
    CONCAT          reduce using rule 61 (factor -> LISTA .)
    MAS             reduce using rule 61 (factor -> LISTA .)
    MENOS           reduce using rule 61 (factor -> LISTA .)
    MAYOR           reduce using rule 61 (factor -> LISTA .)
    MENOR           reduce using rule 61 (factor -> LISTA .)
    PRODUCTO        reduce using rule 61 (factor -> LISTA .)
    DIVISION        reduce using rule 61 (factor -> LISTA .)
    POTENCIA        reduce using rule 61 (factor -> LISTA .)
    $end            reduce using rule 61 (factor -> LISTA .)
    RLLAVES         reduce using rule 61 (factor -> LISTA .)


state 26

    (17) imprimir -> PROMPT . LPAREN factor RPAREN

    LPAREN          shift and go to state 57


state 27

    (18) imprimir -> CONSOLE . PUNTO LOG LPAREN factor RPAREN

    PUNTO           shift and go to state 58


state 28

    (55) factor -> NEW . SET LPAREN LISTA RPAREN

    SET             shift and go to state 59


state 29

    (56) factor -> NUMERO .

    INCLUDE         reduce using rule 56 (factor -> NUMERO .)
    VALUEOF         reduce using rule 56 (factor -> NUMERO .)
    CHARTAT         reduce using rule 56 (factor -> NUMERO .)
    PUSH            reduce using rule 56 (factor -> NUMERO .)
    SLICE           reduce using rule 56 (factor -> NUMERO .)
    POP             reduce using rule 56 (factor -> NUMERO .)
    CONCAT          reduce using rule 56 (factor -> NUMERO .)
    MAS             reduce using rule 56 (factor -> NUMERO .)
    MENOS           reduce using rule 56 (factor -> NUMERO .)
    MAYOR           reduce using rule 56 (factor -> NUMERO .)
    MENOR           reduce using rule 56 (factor -> NUMERO .)
    PRODUCTO        reduce using rule 56 (factor -> NUMERO .)
    DIVISION        reduce using rule 56 (factor -> NUMERO .)
    POTENCIA        reduce using rule 56 (factor -> NUMERO .)
    $end            reduce using rule 56 (factor -> NUMERO .)
    RPAREN          reduce using rule 56 (factor -> NUMERO .)
    RLLAVES         reduce using rule 56 (factor -> NUMERO .)
    IGUAL           reduce using rule 56 (factor -> NUMERO .)
    ASIGNACION      reduce using rule 56 (factor -> NUMERO .)
    DIFERENTE       reduce using rule 56 (factor -> NUMERO .)
    COMA            reduce using rule 56 (factor -> NUMERO .)
    PUNTOCOMA       reduce using rule 56 (factor -> NUMERO .)
    ASCENDER        reduce using rule 56 (factor -> NUMERO .)
    DESCENDER       reduce using rule 56 (factor -> NUMERO .)


state 30

    (57) factor -> FLOTANTE .

    INCLUDE         reduce using rule 57 (factor -> FLOTANTE .)
    VALUEOF         reduce using rule 57 (factor -> FLOTANTE .)
    CHARTAT         reduce using rule 57 (factor -> FLOTANTE .)
    PUSH            reduce using rule 57 (factor -> FLOTANTE .)
    SLICE           reduce using rule 57 (factor -> FLOTANTE .)
    POP             reduce using rule 57 (factor -> FLOTANTE .)
    CONCAT          reduce using rule 57 (factor -> FLOTANTE .)
    MAS             reduce using rule 57 (factor -> FLOTANTE .)
    MENOS           reduce using rule 57 (factor -> FLOTANTE .)
    MAYOR           reduce using rule 57 (factor -> FLOTANTE .)
    MENOR           reduce using rule 57 (factor -> FLOTANTE .)
    PRODUCTO        reduce using rule 57 (factor -> FLOTANTE .)
    DIVISION        reduce using rule 57 (factor -> FLOTANTE .)
    POTENCIA        reduce using rule 57 (factor -> FLOTANTE .)
    $end            reduce using rule 57 (factor -> FLOTANTE .)
    RPAREN          reduce using rule 57 (factor -> FLOTANTE .)
    RLLAVES         reduce using rule 57 (factor -> FLOTANTE .)
    IGUAL           reduce using rule 57 (factor -> FLOTANTE .)
    ASIGNACION      reduce using rule 57 (factor -> FLOTANTE .)
    DIFERENTE       reduce using rule 57 (factor -> FLOTANTE .)
    COMA            reduce using rule 57 (factor -> FLOTANTE .)
    PUNTOCOMA       reduce using rule 57 (factor -> FLOTANTE .)
    ASCENDER        reduce using rule 57 (factor -> FLOTANTE .)
    DESCENDER       reduce using rule 57 (factor -> FLOTANTE .)


state 31

    (59) factor -> STRING .

    INCLUDE         reduce using rule 59 (factor -> STRING .)
    VALUEOF         reduce using rule 59 (factor -> STRING .)
    CHARTAT         reduce using rule 59 (factor -> STRING .)
    PUSH            reduce using rule 59 (factor -> STRING .)
    SLICE           reduce using rule 59 (factor -> STRING .)
    POP             reduce using rule 59 (factor -> STRING .)
    CONCAT          reduce using rule 59 (factor -> STRING .)
    MAS             reduce using rule 59 (factor -> STRING .)
    MENOS           reduce using rule 59 (factor -> STRING .)
    MAYOR           reduce using rule 59 (factor -> STRING .)
    MENOR           reduce using rule 59 (factor -> STRING .)
    PRODUCTO        reduce using rule 59 (factor -> STRING .)
    DIVISION        reduce using rule 59 (factor -> STRING .)
    POTENCIA        reduce using rule 59 (factor -> STRING .)
    $end            reduce using rule 59 (factor -> STRING .)
    RPAREN          reduce using rule 59 (factor -> STRING .)
    RLLAVES         reduce using rule 59 (factor -> STRING .)
    IGUAL           reduce using rule 59 (factor -> STRING .)
    ASIGNACION      reduce using rule 59 (factor -> STRING .)
    DIFERENTE       reduce using rule 59 (factor -> STRING .)
    COMA            reduce using rule 59 (factor -> STRING .)
    PUNTOCOMA       reduce using rule 59 (factor -> STRING .)
    ASCENDER        reduce using rule 59 (factor -> STRING .)
    DESCENDER       reduce using rule 59 (factor -> STRING .)


state 32

    (62) factor -> BOOLEANO .

    INCLUDE         reduce using rule 62 (factor -> BOOLEANO .)
    VALUEOF         reduce using rule 62 (factor -> BOOLEANO .)
    CHARTAT         reduce using rule 62 (factor -> BOOLEANO .)
    PUSH            reduce using rule 62 (factor -> BOOLEANO .)
    SLICE           reduce using rule 62 (factor -> BOOLEANO .)
    POP             reduce using rule 62 (factor -> BOOLEANO .)
    CONCAT          reduce using rule 62 (factor -> BOOLEANO .)
    MAS             reduce using rule 62 (factor -> BOOLEANO .)
    MENOS           reduce using rule 62 (factor -> BOOLEANO .)
    MAYOR           reduce using rule 62 (factor -> BOOLEANO .)
    MENOR           reduce using rule 62 (factor -> BOOLEANO .)
    PRODUCTO        reduce using rule 62 (factor -> BOOLEANO .)
    DIVISION        reduce using rule 62 (factor -> BOOLEANO .)
    POTENCIA        reduce using rule 62 (factor -> BOOLEANO .)
    $end            reduce using rule 62 (factor -> BOOLEANO .)
    RPAREN          reduce using rule 62 (factor -> BOOLEANO .)
    RLLAVES         reduce using rule 62 (factor -> BOOLEANO .)
    IGUAL           reduce using rule 62 (factor -> BOOLEANO .)
    ASIGNACION      reduce using rule 62 (factor -> BOOLEANO .)
    DIFERENTE       reduce using rule 62 (factor -> BOOLEANO .)
    COMA            reduce using rule 62 (factor -> BOOLEANO .)
    PUNTOCOMA       reduce using rule 62 (factor -> BOOLEANO .)
    ASCENDER        reduce using rule 62 (factor -> BOOLEANO .)
    DESCENDER       reduce using rule 62 (factor -> BOOLEANO .)


state 33

    (63) factor -> OBJETO .

    INCLUDE         reduce using rule 63 (factor -> OBJETO .)
    VALUEOF         reduce using rule 63 (factor -> OBJETO .)
    CHARTAT         reduce using rule 63 (factor -> OBJETO .)
    PUSH            reduce using rule 63 (factor -> OBJETO .)
    SLICE           reduce using rule 63 (factor -> OBJETO .)
    POP             reduce using rule 63 (factor -> OBJETO .)
    CONCAT          reduce using rule 63 (factor -> OBJETO .)
    MAS             reduce using rule 63 (factor -> OBJETO .)
    MENOS           reduce using rule 63 (factor -> OBJETO .)
    MAYOR           reduce using rule 63 (factor -> OBJETO .)
    MENOR           reduce using rule 63 (factor -> OBJETO .)
    PRODUCTO        reduce using rule 63 (factor -> OBJETO .)
    DIVISION        reduce using rule 63 (factor -> OBJETO .)
    POTENCIA        reduce using rule 63 (factor -> OBJETO .)
    $end            reduce using rule 63 (factor -> OBJETO .)
    RPAREN          reduce using rule 63 (factor -> OBJETO .)
    RLLAVES         reduce using rule 63 (factor -> OBJETO .)
    IGUAL           reduce using rule 63 (factor -> OBJETO .)
    ASIGNACION      reduce using rule 63 (factor -> OBJETO .)
    DIFERENTE       reduce using rule 63 (factor -> OBJETO .)
    COMA            reduce using rule 63 (factor -> OBJETO .)
    PUNTOCOMA       reduce using rule 63 (factor -> OBJETO .)
    ASCENDER        reduce using rule 63 (factor -> OBJETO .)
    DESCENDER       reduce using rule 63 (factor -> OBJETO .)


state 34

    (39) expresion -> expresion PRODUCTO . term
    (54) term -> . factor
    (55) factor -> . NEW SET LPAREN LISTA RPAREN
    (56) factor -> . NUMERO
    (57) factor -> . FLOTANTE
    (58) factor -> . PALABRA
    (59) factor -> . STRING
    (60) factor -> . LPAREN expresion RPAREN
    (61) factor -> . LISTA
    (62) factor -> . BOOLEANO
    (63) factor -> . OBJETO

    NEW             shift and go to state 28
    NUMERO          shift and go to state 29
    FLOTANTE        shift and go to state 30
    PALABRA         shift and go to state 53
    STRING          shift and go to state 31
    LPAREN          shift and go to state 22
    LISTA           shift and go to state 52
    BOOLEANO        shift and go to state 32
    OBJETO          shift and go to state 33

    term                           shift and go to state 60
    factor                         shift and go to state 51

state 35

    (40) expresion -> expresion DIVISION . term
    (54) term -> . factor
    (55) factor -> . NEW SET LPAREN LISTA RPAREN
    (56) factor -> . NUMERO
    (57) factor -> . FLOTANTE
    (58) factor -> . PALABRA
    (59) factor -> . STRING
    (60) factor -> . LPAREN expresion RPAREN
    (61) factor -> . LISTA
    (62) factor -> . BOOLEANO
    (63) factor -> . OBJETO

    NEW             shift and go to state 28
    NUMERO          shift and go to state 29
    FLOTANTE        shift and go to state 30
    PALABRA         shift and go to state 53
    STRING          shift and go to state 31
    LPAREN          shift and go to state 22
    LISTA           shift and go to state 52
    BOOLEANO        shift and go to state 32
    OBJETO          shift and go to state 33

    term                           shift and go to state 61
    factor                         shift and go to state 51

state 36

    (41) expresion -> expresion POTENCIA . term
    (54) term -> . factor
    (55) factor -> . NEW SET LPAREN LISTA RPAREN
    (56) factor -> . NUMERO
    (57) factor -> . FLOTANTE
    (58) factor -> . PALABRA
    (59) factor -> . STRING
    (60) factor -> . LPAREN expresion RPAREN
    (61) factor -> . LISTA
    (62) factor -> . BOOLEANO
    (63) factor -> . OBJETO

    NEW             shift and go to state 28
    NUMERO          shift and go to state 29
    FLOTANTE        shift and go to state 30
    PALABRA         shift and go to state 53
    STRING          shift and go to state 31
    LPAREN          shift and go to state 22
    LISTA           shift and go to state 52
    BOOLEANO        shift and go to state 32
    OBJETO          shift and go to state 33

    term                           shift and go to state 62
    factor                         shift and go to state 51

state 37

    (35) asignacion -> PALABRA ASIGNACION . expresion
    (36) expresion -> . term MAS factor
    (37) expresion -> . term MENOS factor
    (38) expresion -> . term
    (39) expresion -> . expresion PRODUCTO term
    (40) expresion -> . expresion DIVISION term
    (41) expresion -> . expresion POTENCIA term
    (42) expresion -> . term MAYOR factor
    (43) expresion -> . term MENOR factor
    (54) term -> . factor
    (55) factor -> . NEW SET LPAREN LISTA RPAREN
    (56) factor -> . NUMERO
    (57) factor -> . FLOTANTE
    (58) factor -> . PALABRA
    (59) factor -> . STRING
    (60) factor -> . LPAREN expresion RPAREN
    (61) factor -> . LISTA
    (62) factor -> . BOOLEANO
    (63) factor -> . OBJETO

    NEW             shift and go to state 28
    NUMERO          shift and go to state 29
    FLOTANTE        shift and go to state 30
    PALABRA         shift and go to state 53
    STRING          shift and go to state 31
    LPAREN          shift and go to state 22
    LISTA           shift and go to state 52
    BOOLEANO        shift and go to state 32
    OBJETO          shift and go to state 33

    expresion                      shift and go to state 63
    term                           shift and go to state 18
    factor                         shift and go to state 51

state 38

    (36) expresion -> term MAS . factor
    (55) factor -> . NEW SET LPAREN LISTA RPAREN
    (56) factor -> . NUMERO
    (57) factor -> . FLOTANTE
    (58) factor -> . PALABRA
    (59) factor -> . STRING
    (60) factor -> . LPAREN expresion RPAREN
    (61) factor -> . LISTA
    (62) factor -> . BOOLEANO
    (63) factor -> . OBJETO

    NEW             shift and go to state 28
    NUMERO          shift and go to state 29
    FLOTANTE        shift and go to state 30
    PALABRA         shift and go to state 53
    STRING          shift and go to state 31
    LPAREN          shift and go to state 22
    LISTA           shift and go to state 52
    BOOLEANO        shift and go to state 32
    OBJETO          shift and go to state 33

    factor                         shift and go to state 64

state 39

    (37) expresion -> term MENOS . factor
    (55) factor -> . NEW SET LPAREN LISTA RPAREN
    (56) factor -> . NUMERO
    (57) factor -> . FLOTANTE
    (58) factor -> . PALABRA
    (59) factor -> . STRING
    (60) factor -> . LPAREN expresion RPAREN
    (61) factor -> . LISTA
    (62) factor -> . BOOLEANO
    (63) factor -> . OBJETO

    NEW             shift and go to state 28
    NUMERO          shift and go to state 29
    FLOTANTE        shift and go to state 30
    PALABRA         shift and go to state 53
    STRING          shift and go to state 31
    LPAREN          shift and go to state 22
    LISTA           shift and go to state 52
    BOOLEANO        shift and go to state 32
    OBJETO          shift and go to state 33

    factor                         shift and go to state 65

state 40

    (42) expresion -> term MAYOR . factor
    (55) factor -> . NEW SET LPAREN LISTA RPAREN
    (56) factor -> . NUMERO
    (57) factor -> . FLOTANTE
    (58) factor -> . PALABRA
    (59) factor -> . STRING
    (60) factor -> . LPAREN expresion RPAREN
    (61) factor -> . LISTA
    (62) factor -> . BOOLEANO
    (63) factor -> . OBJETO

    NEW             shift and go to state 28
    NUMERO          shift and go to state 29
    FLOTANTE        shift and go to state 30
    PALABRA         shift and go to state 53
    STRING          shift and go to state 31
    LPAREN          shift and go to state 22
    LISTA           shift and go to state 52
    BOOLEANO        shift and go to state 32
    OBJETO          shift and go to state 33

    factor                         shift and go to state 66

state 41

    (43) expresion -> term MENOR . factor
    (55) factor -> . NEW SET LPAREN LISTA RPAREN
    (56) factor -> . NUMERO
    (57) factor -> . FLOTANTE
    (58) factor -> . PALABRA
    (59) factor -> . STRING
    (60) factor -> . LPAREN expresion RPAREN
    (61) factor -> . LISTA
    (62) factor -> . BOOLEANO
    (63) factor -> . OBJETO

    NEW             shift and go to state 28
    NUMERO          shift and go to state 29
    FLOTANTE        shift and go to state 30
    PALABRA         shift and go to state 53
    STRING          shift and go to state 31
    LPAREN          shift and go to state 22
    LISTA           shift and go to state 52
    BOOLEANO        shift and go to state 32
    OBJETO          shift and go to state 33

    factor                         shift and go to state 67

state 42

    (25) include -> factor INCLUDE . LPAREN factor RPAREN

    LPAREN          shift and go to state 68


state 43

    (26) valueOf -> factor VALUEOF .

    $end            reduce using rule 26 (valueOf -> factor VALUEOF .)
    RLLAVES         reduce using rule 26 (valueOf -> factor VALUEOF .)


state 44

    (27) chartAt -> factor CHARTAT . LPAREN factor RPAREN

    LPAREN          shift and go to state 69


state 45

    (28) push -> factor PUSH . LPAREN factor RPAREN

    LPAREN          shift and go to state 70


state 46

    (29) slice -> factor SLICE . LPAREN factor COMA factor RPAREN

    LPAREN          shift and go to state 71


state 47

    (30) pop -> factor POP .

    $end            reduce using rule 30 (pop -> factor POP .)
    RLLAVES         reduce using rule 30 (pop -> factor POP .)


state 48

    (31) concat -> factor CONCAT . LPAREN factor RPAREN

    LPAREN          shift and go to state 72


state 49

    (19) if -> IF LPAREN . condicion RPAREN then
    (20) if -> IF LPAREN . condicion RPAREN then else
    (44) condicion -> . factor IGUAL factor
    (45) condicion -> . factor MAYOR factor
    (46) condicion -> . factor MENOR factor
    (47) condicion -> . factor ASIGNACION factor
    (48) condicion -> . NOT factor
    (49) condicion -> . factor DIFERENTE factor
    (50) condicion -> . compuesta AND condicion
    (51) condicion -> . compuesta OR condicion
    (52) condicion -> . compuesta
    (55) factor -> . NEW SET LPAREN LISTA RPAREN
    (56) factor -> . NUMERO
    (57) factor -> . FLOTANTE
    (58) factor -> . PALABRA
    (59) factor -> . STRING
    (60) factor -> . LPAREN expresion RPAREN
    (61) factor -> . LISTA
    (62) factor -> . BOOLEANO
    (63) factor -> . OBJETO
    (53) compuesta -> . LPAREN condicion RPAREN

    NOT             shift and go to state 76
    NEW             shift and go to state 28
    NUMERO          shift and go to state 29
    FLOTANTE        shift and go to state 30
    PALABRA         shift and go to state 53
    STRING          shift and go to state 31
    LPAREN          shift and go to state 73
    LISTA           shift and go to state 52
    BOOLEANO        shift and go to state 32
    OBJETO          shift and go to state 33

    condicion                      shift and go to state 74
    factor                         shift and go to state 75
    compuesta                      shift and go to state 77

state 50

    (60) factor -> LPAREN expresion . RPAREN
    (39) expresion -> expresion . PRODUCTO term
    (40) expresion -> expresion . DIVISION term
    (41) expresion -> expresion . POTENCIA term

    RPAREN          shift and go to state 78
    PRODUCTO        shift and go to state 34
    DIVISION        shift and go to state 35
    POTENCIA        shift and go to state 36


state 51

    (54) term -> factor .

    MAS             reduce using rule 54 (term -> factor .)
    MENOS           reduce using rule 54 (term -> factor .)
    MAYOR           reduce using rule 54 (term -> factor .)
    MENOR           reduce using rule 54 (term -> factor .)
    RPAREN          reduce using rule 54 (term -> factor .)
    PRODUCTO        reduce using rule 54 (term -> factor .)
    DIVISION        reduce using rule 54 (term -> factor .)
    POTENCIA        reduce using rule 54 (term -> factor .)
    $end            reduce using rule 54 (term -> factor .)
    RLLAVES         reduce using rule 54 (term -> factor .)


state 52

    (61) factor -> LISTA .

    MAS             reduce using rule 61 (factor -> LISTA .)
    MENOS           reduce using rule 61 (factor -> LISTA .)
    MAYOR           reduce using rule 61 (factor -> LISTA .)
    MENOR           reduce using rule 61 (factor -> LISTA .)
    RPAREN          reduce using rule 61 (factor -> LISTA .)
    PRODUCTO        reduce using rule 61 (factor -> LISTA .)
    DIVISION        reduce using rule 61 (factor -> LISTA .)
    POTENCIA        reduce using rule 61 (factor -> LISTA .)
    $end            reduce using rule 61 (factor -> LISTA .)
    RLLAVES         reduce using rule 61 (factor -> LISTA .)
    IGUAL           reduce using rule 61 (factor -> LISTA .)
    ASIGNACION      reduce using rule 61 (factor -> LISTA .)
    DIFERENTE       reduce using rule 61 (factor -> LISTA .)
    COMA            reduce using rule 61 (factor -> LISTA .)
    PUNTOCOMA       reduce using rule 61 (factor -> LISTA .)
    ASCENDER        reduce using rule 61 (factor -> LISTA .)
    DESCENDER       reduce using rule 61 (factor -> LISTA .)


state 53

    (58) factor -> PALABRA .

    MAS             reduce using rule 58 (factor -> PALABRA .)
    MENOS           reduce using rule 58 (factor -> PALABRA .)
    MAYOR           reduce using rule 58 (factor -> PALABRA .)
    MENOR           reduce using rule 58 (factor -> PALABRA .)
    RPAREN          reduce using rule 58 (factor -> PALABRA .)
    PRODUCTO        reduce using rule 58 (factor -> PALABRA .)
    DIVISION        reduce using rule 58 (factor -> PALABRA .)
    POTENCIA        reduce using rule 58 (factor -> PALABRA .)
    $end            reduce using rule 58 (factor -> PALABRA .)
    RLLAVES         reduce using rule 58 (factor -> PALABRA .)
    IGUAL           reduce using rule 58 (factor -> PALABRA .)
    ASIGNACION      reduce using rule 58 (factor -> PALABRA .)
    DIFERENTE       reduce using rule 58 (factor -> PALABRA .)
    COMA            reduce using rule 58 (factor -> PALABRA .)
    PUNTOCOMA       reduce using rule 58 (factor -> PALABRA .)
    ASCENDER        reduce using rule 58 (factor -> PALABRA .)
    DESCENDER       reduce using rule 58 (factor -> PALABRA .)


state 54

    (22) while -> WHILE LPAREN . condicion RPAREN then
    (44) condicion -> . factor IGUAL factor
    (45) condicion -> . factor MAYOR factor
    (46) condicion -> . factor MENOR factor
    (47) condicion -> . factor ASIGNACION factor
    (48) condicion -> . NOT factor
    (49) condicion -> . factor DIFERENTE factor
    (50) condicion -> . compuesta AND condicion
    (51) condicion -> . compuesta OR condicion
    (52) condicion -> . compuesta
    (55) factor -> . NEW SET LPAREN LISTA RPAREN
    (56) factor -> . NUMERO
    (57) factor -> . FLOTANTE
    (58) factor -> . PALABRA
    (59) factor -> . STRING
    (60) factor -> . LPAREN expresion RPAREN
    (61) factor -> . LISTA
    (62) factor -> . BOOLEANO
    (63) factor -> . OBJETO
    (53) compuesta -> . LPAREN condicion RPAREN

    NOT             shift and go to state 76
    NEW             shift and go to state 28
    NUMERO          shift and go to state 29
    FLOTANTE        shift and go to state 30
    PALABRA         shift and go to state 53
    STRING          shift and go to state 31
    LPAREN          shift and go to state 73
    LISTA           shift and go to state 52
    BOOLEANO        shift and go to state 32
    OBJETO          shift and go to state 33

    condicion                      shift and go to state 79
    factor                         shift and go to state 75
    compuesta                      shift and go to state 77

state 55

    (23) for -> FOR LPAREN . VAR condicion PUNTOCOMA condicion PUNTOCOMA instruccion RPAREN then

    VAR             shift and go to state 80


state 56

    (24) sort -> LISTA SORT .

    $end            reduce using rule 24 (sort -> LISTA SORT .)
    RLLAVES         reduce using rule 24 (sort -> LISTA SORT .)


state 57

    (17) imprimir -> PROMPT LPAREN . factor RPAREN
    (55) factor -> . NEW SET LPAREN LISTA RPAREN
    (56) factor -> . NUMERO
    (57) factor -> . FLOTANTE
    (58) factor -> . PALABRA
    (59) factor -> . STRING
    (60) factor -> . LPAREN expresion RPAREN
    (61) factor -> . LISTA
    (62) factor -> . BOOLEANO
    (63) factor -> . OBJETO

    NEW             shift and go to state 28
    NUMERO          shift and go to state 29
    FLOTANTE        shift and go to state 30
    PALABRA         shift and go to state 53
    STRING          shift and go to state 31
    LPAREN          shift and go to state 22
    LISTA           shift and go to state 52
    BOOLEANO        shift and go to state 32
    OBJETO          shift and go to state 33

    factor                         shift and go to state 81

state 58

    (18) imprimir -> CONSOLE PUNTO . LOG LPAREN factor RPAREN

    LOG             shift and go to state 82


state 59

    (55) factor -> NEW SET . LPAREN LISTA RPAREN

    LPAREN          shift and go to state 83


state 60

    (39) expresion -> expresion PRODUCTO term .

    PRODUCTO        reduce using rule 39 (expresion -> expresion PRODUCTO term .)
    DIVISION        reduce using rule 39 (expresion -> expresion PRODUCTO term .)
    POTENCIA        reduce using rule 39 (expresion -> expresion PRODUCTO term .)
    $end            reduce using rule 39 (expresion -> expresion PRODUCTO term .)
    RPAREN          reduce using rule 39 (expresion -> expresion PRODUCTO term .)
    RLLAVES         reduce using rule 39 (expresion -> expresion PRODUCTO term .)


state 61

    (40) expresion -> expresion DIVISION term .

    PRODUCTO        reduce using rule 40 (expresion -> expresion DIVISION term .)
    DIVISION        reduce using rule 40 (expresion -> expresion DIVISION term .)
    POTENCIA        reduce using rule 40 (expresion -> expresion DIVISION term .)
    $end            reduce using rule 40 (expresion -> expresion DIVISION term .)
    RPAREN          reduce using rule 40 (expresion -> expresion DIVISION term .)
    RLLAVES         reduce using rule 40 (expresion -> expresion DIVISION term .)


state 62

    (41) expresion -> expresion POTENCIA term .

    PRODUCTO        reduce using rule 41 (expresion -> expresion POTENCIA term .)
    DIVISION        reduce using rule 41 (expresion -> expresion POTENCIA term .)
    POTENCIA        reduce using rule 41 (expresion -> expresion POTENCIA term .)
    $end            reduce using rule 41 (expresion -> expresion POTENCIA term .)
    RPAREN          reduce using rule 41 (expresion -> expresion POTENCIA term .)
    RLLAVES         reduce using rule 41 (expresion -> expresion POTENCIA term .)


state 63

    (35) asignacion -> PALABRA ASIGNACION expresion .
    (39) expresion -> expresion . PRODUCTO term
    (40) expresion -> expresion . DIVISION term
    (41) expresion -> expresion . POTENCIA term

    $end            reduce using rule 35 (asignacion -> PALABRA ASIGNACION expresion .)
    RLLAVES         reduce using rule 35 (asignacion -> PALABRA ASIGNACION expresion .)
    PRODUCTO        shift and go to state 34
    DIVISION        shift and go to state 35
    POTENCIA        shift and go to state 36


state 64

    (36) expresion -> term MAS factor .

    PRODUCTO        reduce using rule 36 (expresion -> term MAS factor .)
    DIVISION        reduce using rule 36 (expresion -> term MAS factor .)
    POTENCIA        reduce using rule 36 (expresion -> term MAS factor .)
    $end            reduce using rule 36 (expresion -> term MAS factor .)
    RPAREN          reduce using rule 36 (expresion -> term MAS factor .)
    RLLAVES         reduce using rule 36 (expresion -> term MAS factor .)


state 65

    (37) expresion -> term MENOS factor .

    PRODUCTO        reduce using rule 37 (expresion -> term MENOS factor .)
    DIVISION        reduce using rule 37 (expresion -> term MENOS factor .)
    POTENCIA        reduce using rule 37 (expresion -> term MENOS factor .)
    $end            reduce using rule 37 (expresion -> term MENOS factor .)
    RPAREN          reduce using rule 37 (expresion -> term MENOS factor .)
    RLLAVES         reduce using rule 37 (expresion -> term MENOS factor .)


state 66

    (42) expresion -> term MAYOR factor .

    PRODUCTO        reduce using rule 42 (expresion -> term MAYOR factor .)
    DIVISION        reduce using rule 42 (expresion -> term MAYOR factor .)
    POTENCIA        reduce using rule 42 (expresion -> term MAYOR factor .)
    $end            reduce using rule 42 (expresion -> term MAYOR factor .)
    RPAREN          reduce using rule 42 (expresion -> term MAYOR factor .)
    RLLAVES         reduce using rule 42 (expresion -> term MAYOR factor .)


state 67

    (43) expresion -> term MENOR factor .

    PRODUCTO        reduce using rule 43 (expresion -> term MENOR factor .)
    DIVISION        reduce using rule 43 (expresion -> term MENOR factor .)
    POTENCIA        reduce using rule 43 (expresion -> term MENOR factor .)
    $end            reduce using rule 43 (expresion -> term MENOR factor .)
    RPAREN          reduce using rule 43 (expresion -> term MENOR factor .)
    RLLAVES         reduce using rule 43 (expresion -> term MENOR factor .)


state 68

    (25) include -> factor INCLUDE LPAREN . factor RPAREN
    (55) factor -> . NEW SET LPAREN LISTA RPAREN
    (56) factor -> . NUMERO
    (57) factor -> . FLOTANTE
    (58) factor -> . PALABRA
    (59) factor -> . STRING
    (60) factor -> . LPAREN expresion RPAREN
    (61) factor -> . LISTA
    (62) factor -> . BOOLEANO
    (63) factor -> . OBJETO

    NEW             shift and go to state 28
    NUMERO          shift and go to state 29
    FLOTANTE        shift and go to state 30
    PALABRA         shift and go to state 53
    STRING          shift and go to state 31
    LPAREN          shift and go to state 22
    LISTA           shift and go to state 52
    BOOLEANO        shift and go to state 32
    OBJETO          shift and go to state 33

    factor                         shift and go to state 84

state 69

    (27) chartAt -> factor CHARTAT LPAREN . factor RPAREN
    (55) factor -> . NEW SET LPAREN LISTA RPAREN
    (56) factor -> . NUMERO
    (57) factor -> . FLOTANTE
    (58) factor -> . PALABRA
    (59) factor -> . STRING
    (60) factor -> . LPAREN expresion RPAREN
    (61) factor -> . LISTA
    (62) factor -> . BOOLEANO
    (63) factor -> . OBJETO

    NEW             shift and go to state 28
    NUMERO          shift and go to state 29
    FLOTANTE        shift and go to state 30
    PALABRA         shift and go to state 53
    STRING          shift and go to state 31
    LPAREN          shift and go to state 22
    LISTA           shift and go to state 52
    BOOLEANO        shift and go to state 32
    OBJETO          shift and go to state 33

    factor                         shift and go to state 85

state 70

    (28) push -> factor PUSH LPAREN . factor RPAREN
    (55) factor -> . NEW SET LPAREN LISTA RPAREN
    (56) factor -> . NUMERO
    (57) factor -> . FLOTANTE
    (58) factor -> . PALABRA
    (59) factor -> . STRING
    (60) factor -> . LPAREN expresion RPAREN
    (61) factor -> . LISTA
    (62) factor -> . BOOLEANO
    (63) factor -> . OBJETO

    NEW             shift and go to state 28
    NUMERO          shift and go to state 29
    FLOTANTE        shift and go to state 30
    PALABRA         shift and go to state 53
    STRING          shift and go to state 31
    LPAREN          shift and go to state 22
    LISTA           shift and go to state 52
    BOOLEANO        shift and go to state 32
    OBJETO          shift and go to state 33

    factor                         shift and go to state 86

state 71

    (29) slice -> factor SLICE LPAREN . factor COMA factor RPAREN
    (55) factor -> . NEW SET LPAREN LISTA RPAREN
    (56) factor -> . NUMERO
    (57) factor -> . FLOTANTE
    (58) factor -> . PALABRA
    (59) factor -> . STRING
    (60) factor -> . LPAREN expresion RPAREN
    (61) factor -> . LISTA
    (62) factor -> . BOOLEANO
    (63) factor -> . OBJETO

    NEW             shift and go to state 28
    NUMERO          shift and go to state 29
    FLOTANTE        shift and go to state 30
    PALABRA         shift and go to state 53
    STRING          shift and go to state 31
    LPAREN          shift and go to state 22
    LISTA           shift and go to state 52
    BOOLEANO        shift and go to state 32
    OBJETO          shift and go to state 33

    factor                         shift and go to state 87

state 72

    (31) concat -> factor CONCAT LPAREN . factor RPAREN
    (55) factor -> . NEW SET LPAREN LISTA RPAREN
    (56) factor -> . NUMERO
    (57) factor -> . FLOTANTE
    (58) factor -> . PALABRA
    (59) factor -> . STRING
    (60) factor -> . LPAREN expresion RPAREN
    (61) factor -> . LISTA
    (62) factor -> . BOOLEANO
    (63) factor -> . OBJETO

    NEW             shift and go to state 28
    NUMERO          shift and go to state 29
    FLOTANTE        shift and go to state 30
    PALABRA         shift and go to state 53
    STRING          shift and go to state 31
    LPAREN          shift and go to state 22
    LISTA           shift and go to state 52
    BOOLEANO        shift and go to state 32
    OBJETO          shift and go to state 33

    factor                         shift and go to state 88

state 73

    (60) factor -> LPAREN . expresion RPAREN
    (53) compuesta -> LPAREN . condicion RPAREN
    (36) expresion -> . term MAS factor
    (37) expresion -> . term MENOS factor
    (38) expresion -> . term
    (39) expresion -> . expresion PRODUCTO term
    (40) expresion -> . expresion DIVISION term
    (41) expresion -> . expresion POTENCIA term
    (42) expresion -> . term MAYOR factor
    (43) expresion -> . term MENOR factor
    (44) condicion -> . factor IGUAL factor
    (45) condicion -> . factor MAYOR factor
    (46) condicion -> . factor MENOR factor
    (47) condicion -> . factor ASIGNACION factor
    (48) condicion -> . NOT factor
    (49) condicion -> . factor DIFERENTE factor
    (50) condicion -> . compuesta AND condicion
    (51) condicion -> . compuesta OR condicion
    (52) condicion -> . compuesta
    (54) term -> . factor
    (55) factor -> . NEW SET LPAREN LISTA RPAREN
    (56) factor -> . NUMERO
    (57) factor -> . FLOTANTE
    (58) factor -> . PALABRA
    (59) factor -> . STRING
    (60) factor -> . LPAREN expresion RPAREN
    (61) factor -> . LISTA
    (62) factor -> . BOOLEANO
    (63) factor -> . OBJETO
    (53) compuesta -> . LPAREN condicion RPAREN

    NOT             shift and go to state 76
    NEW             shift and go to state 28
    NUMERO          shift and go to state 29
    FLOTANTE        shift and go to state 30
    PALABRA         shift and go to state 53
    STRING          shift and go to state 31
    LPAREN          shift and go to state 73
    LISTA           shift and go to state 52
    BOOLEANO        shift and go to state 32
    OBJETO          shift and go to state 33

    expresion                      shift and go to state 50
    condicion                      shift and go to state 89
    term                           shift and go to state 18
    factor                         shift and go to state 90
    compuesta                      shift and go to state 77

state 74

    (19) if -> IF LPAREN condicion . RPAREN then
    (20) if -> IF LPAREN condicion . RPAREN then else

    RPAREN          shift and go to state 91


state 75

    (44) condicion -> factor . IGUAL factor
    (45) condicion -> factor . MAYOR factor
    (46) condicion -> factor . MENOR factor
    (47) condicion -> factor . ASIGNACION factor
    (49) condicion -> factor . DIFERENTE factor

    IGUAL           shift and go to state 92
    MAYOR           shift and go to state 93
    MENOR           shift and go to state 94
    ASIGNACION      shift and go to state 95
    DIFERENTE       shift and go to state 96


state 76

    (48) condicion -> NOT . factor
    (55) factor -> . NEW SET LPAREN LISTA RPAREN
    (56) factor -> . NUMERO
    (57) factor -> . FLOTANTE
    (58) factor -> . PALABRA
    (59) factor -> . STRING
    (60) factor -> . LPAREN expresion RPAREN
    (61) factor -> . LISTA
    (62) factor -> . BOOLEANO
    (63) factor -> . OBJETO

    NEW             shift and go to state 28
    NUMERO          shift and go to state 29
    FLOTANTE        shift and go to state 30
    PALABRA         shift and go to state 53
    STRING          shift and go to state 31
    LPAREN          shift and go to state 22
    LISTA           shift and go to state 52
    BOOLEANO        shift and go to state 32
    OBJETO          shift and go to state 33

    factor                         shift and go to state 97

state 77

    (50) condicion -> compuesta . AND condicion
    (51) condicion -> compuesta . OR condicion
    (52) condicion -> compuesta .

    AND             shift and go to state 98
    OR              shift and go to state 99
    RPAREN          reduce using rule 52 (condicion -> compuesta .)
    PUNTOCOMA       reduce using rule 52 (condicion -> compuesta .)


state 78

    (60) factor -> LPAREN expresion RPAREN .

    INCLUDE         reduce using rule 60 (factor -> LPAREN expresion RPAREN .)
    VALUEOF         reduce using rule 60 (factor -> LPAREN expresion RPAREN .)
    CHARTAT         reduce using rule 60 (factor -> LPAREN expresion RPAREN .)
    PUSH            reduce using rule 60 (factor -> LPAREN expresion RPAREN .)
    SLICE           reduce using rule 60 (factor -> LPAREN expresion RPAREN .)
    POP             reduce using rule 60 (factor -> LPAREN expresion RPAREN .)
    CONCAT          reduce using rule 60 (factor -> LPAREN expresion RPAREN .)
    MAS             reduce using rule 60 (factor -> LPAREN expresion RPAREN .)
    MENOS           reduce using rule 60 (factor -> LPAREN expresion RPAREN .)
    MAYOR           reduce using rule 60 (factor -> LPAREN expresion RPAREN .)
    MENOR           reduce using rule 60 (factor -> LPAREN expresion RPAREN .)
    PRODUCTO        reduce using rule 60 (factor -> LPAREN expresion RPAREN .)
    DIVISION        reduce using rule 60 (factor -> LPAREN expresion RPAREN .)
    POTENCIA        reduce using rule 60 (factor -> LPAREN expresion RPAREN .)
    $end            reduce using rule 60 (factor -> LPAREN expresion RPAREN .)
    RPAREN          reduce using rule 60 (factor -> LPAREN expresion RPAREN .)
    RLLAVES         reduce using rule 60 (factor -> LPAREN expresion RPAREN .)
    IGUAL           reduce using rule 60 (factor -> LPAREN expresion RPAREN .)
    ASIGNACION      reduce using rule 60 (factor -> LPAREN expresion RPAREN .)
    DIFERENTE       reduce using rule 60 (factor -> LPAREN expresion RPAREN .)
    COMA            reduce using rule 60 (factor -> LPAREN expresion RPAREN .)
    PUNTOCOMA       reduce using rule 60 (factor -> LPAREN expresion RPAREN .)
    ASCENDER        reduce using rule 60 (factor -> LPAREN expresion RPAREN .)
    DESCENDER       reduce using rule 60 (factor -> LPAREN expresion RPAREN .)


state 79

    (22) while -> WHILE LPAREN condicion . RPAREN then

    RPAREN          shift and go to state 100


state 80

    (23) for -> FOR LPAREN VAR . condicion PUNTOCOMA condicion PUNTOCOMA instruccion RPAREN then
    (44) condicion -> . factor IGUAL factor
    (45) condicion -> . factor MAYOR factor
    (46) condicion -> . factor MENOR factor
    (47) condicion -> . factor ASIGNACION factor
    (48) condicion -> . NOT factor
    (49) condicion -> . factor DIFERENTE factor
    (50) condicion -> . compuesta AND condicion
    (51) condicion -> . compuesta OR condicion
    (52) condicion -> . compuesta
    (55) factor -> . NEW SET LPAREN LISTA RPAREN
    (56) factor -> . NUMERO
    (57) factor -> . FLOTANTE
    (58) factor -> . PALABRA
    (59) factor -> . STRING
    (60) factor -> . LPAREN expresion RPAREN
    (61) factor -> . LISTA
    (62) factor -> . BOOLEANO
    (63) factor -> . OBJETO
    (53) compuesta -> . LPAREN condicion RPAREN

    NOT             shift and go to state 76
    NEW             shift and go to state 28
    NUMERO          shift and go to state 29
    FLOTANTE        shift and go to state 30
    PALABRA         shift and go to state 53
    STRING          shift and go to state 31
    LPAREN          shift and go to state 73
    LISTA           shift and go to state 52
    BOOLEANO        shift and go to state 32
    OBJETO          shift and go to state 33

    condicion                      shift and go to state 101
    factor                         shift and go to state 75
    compuesta                      shift and go to state 77

state 81

    (17) imprimir -> PROMPT LPAREN factor . RPAREN

    RPAREN          shift and go to state 102


state 82

    (18) imprimir -> CONSOLE PUNTO LOG . LPAREN factor RPAREN

    LPAREN          shift and go to state 103


state 83

    (55) factor -> NEW SET LPAREN . LISTA RPAREN

    LISTA           shift and go to state 104


state 84

    (25) include -> factor INCLUDE LPAREN factor . RPAREN

    RPAREN          shift and go to state 105


state 85

    (27) chartAt -> factor CHARTAT LPAREN factor . RPAREN

    RPAREN          shift and go to state 106


state 86

    (28) push -> factor PUSH LPAREN factor . RPAREN

    RPAREN          shift and go to state 107


state 87

    (29) slice -> factor SLICE LPAREN factor . COMA factor RPAREN

    COMA            shift and go to state 108


state 88

    (31) concat -> factor CONCAT LPAREN factor . RPAREN

    RPAREN          shift and go to state 109


state 89

    (53) compuesta -> LPAREN condicion . RPAREN

    RPAREN          shift and go to state 110


state 90

    (44) condicion -> factor . IGUAL factor
    (45) condicion -> factor . MAYOR factor
    (46) condicion -> factor . MENOR factor
    (47) condicion -> factor . ASIGNACION factor
    (49) condicion -> factor . DIFERENTE factor
    (54) term -> factor .

  ! shift/reduce conflict for MAYOR resolved as shift
  ! shift/reduce conflict for MENOR resolved as shift
    IGUAL           shift and go to state 92
    MAYOR           shift and go to state 93
    MENOR           shift and go to state 94
    ASIGNACION      shift and go to state 95
    DIFERENTE       shift and go to state 96
    MAS             reduce using rule 54 (term -> factor .)
    MENOS           reduce using rule 54 (term -> factor .)
    RPAREN          reduce using rule 54 (term -> factor .)
    PRODUCTO        reduce using rule 54 (term -> factor .)
    DIVISION        reduce using rule 54 (term -> factor .)
    POTENCIA        reduce using rule 54 (term -> factor .)

  ! MAYOR           [ reduce using rule 54 (term -> factor .) ]
  ! MENOR           [ reduce using rule 54 (term -> factor .) ]


state 91

    (19) if -> IF LPAREN condicion RPAREN . then
    (20) if -> IF LPAREN condicion RPAREN . then else
    (34) then -> . LLLAVES sentencias RLLAVES

    LLLAVES         shift and go to state 112

    then                           shift and go to state 111

state 92

    (44) condicion -> factor IGUAL . factor
    (55) factor -> . NEW SET LPAREN LISTA RPAREN
    (56) factor -> . NUMERO
    (57) factor -> . FLOTANTE
    (58) factor -> . PALABRA
    (59) factor -> . STRING
    (60) factor -> . LPAREN expresion RPAREN
    (61) factor -> . LISTA
    (62) factor -> . BOOLEANO
    (63) factor -> . OBJETO

    NEW             shift and go to state 28
    NUMERO          shift and go to state 29
    FLOTANTE        shift and go to state 30
    PALABRA         shift and go to state 53
    STRING          shift and go to state 31
    LPAREN          shift and go to state 22
    LISTA           shift and go to state 52
    BOOLEANO        shift and go to state 32
    OBJETO          shift and go to state 33

    factor                         shift and go to state 113

state 93

    (45) condicion -> factor MAYOR . factor
    (55) factor -> . NEW SET LPAREN LISTA RPAREN
    (56) factor -> . NUMERO
    (57) factor -> . FLOTANTE
    (58) factor -> . PALABRA
    (59) factor -> . STRING
    (60) factor -> . LPAREN expresion RPAREN
    (61) factor -> . LISTA
    (62) factor -> . BOOLEANO
    (63) factor -> . OBJETO

    NEW             shift and go to state 28
    NUMERO          shift and go to state 29
    FLOTANTE        shift and go to state 30
    PALABRA         shift and go to state 53
    STRING          shift and go to state 31
    LPAREN          shift and go to state 22
    LISTA           shift and go to state 52
    BOOLEANO        shift and go to state 32
    OBJETO          shift and go to state 33

    factor                         shift and go to state 114

state 94

    (46) condicion -> factor MENOR . factor
    (55) factor -> . NEW SET LPAREN LISTA RPAREN
    (56) factor -> . NUMERO
    (57) factor -> . FLOTANTE
    (58) factor -> . PALABRA
    (59) factor -> . STRING
    (60) factor -> . LPAREN expresion RPAREN
    (61) factor -> . LISTA
    (62) factor -> . BOOLEANO
    (63) factor -> . OBJETO

    NEW             shift and go to state 28
    NUMERO          shift and go to state 29
    FLOTANTE        shift and go to state 30
    PALABRA         shift and go to state 53
    STRING          shift and go to state 31
    LPAREN          shift and go to state 22
    LISTA           shift and go to state 52
    BOOLEANO        shift and go to state 32
    OBJETO          shift and go to state 33

    factor                         shift and go to state 115

state 95

    (47) condicion -> factor ASIGNACION . factor
    (55) factor -> . NEW SET LPAREN LISTA RPAREN
    (56) factor -> . NUMERO
    (57) factor -> . FLOTANTE
    (58) factor -> . PALABRA
    (59) factor -> . STRING
    (60) factor -> . LPAREN expresion RPAREN
    (61) factor -> . LISTA
    (62) factor -> . BOOLEANO
    (63) factor -> . OBJETO

    NEW             shift and go to state 28
    NUMERO          shift and go to state 29
    FLOTANTE        shift and go to state 30
    PALABRA         shift and go to state 53
    STRING          shift and go to state 31
    LPAREN          shift and go to state 22
    LISTA           shift and go to state 52
    BOOLEANO        shift and go to state 32
    OBJETO          shift and go to state 33

    factor                         shift and go to state 116

state 96

    (49) condicion -> factor DIFERENTE . factor
    (55) factor -> . NEW SET LPAREN LISTA RPAREN
    (56) factor -> . NUMERO
    (57) factor -> . FLOTANTE
    (58) factor -> . PALABRA
    (59) factor -> . STRING
    (60) factor -> . LPAREN expresion RPAREN
    (61) factor -> . LISTA
    (62) factor -> . BOOLEANO
    (63) factor -> . OBJETO

    NEW             shift and go to state 28
    NUMERO          shift and go to state 29
    FLOTANTE        shift and go to state 30
    PALABRA         shift and go to state 53
    STRING          shift and go to state 31
    LPAREN          shift and go to state 22
    LISTA           shift and go to state 52
    BOOLEANO        shift and go to state 32
    OBJETO          shift and go to state 33

    factor                         shift and go to state 117

state 97

    (48) condicion -> NOT factor .

    RPAREN          reduce using rule 48 (condicion -> NOT factor .)
    PUNTOCOMA       reduce using rule 48 (condicion -> NOT factor .)


state 98

    (50) condicion -> compuesta AND . condicion
    (44) condicion -> . factor IGUAL factor
    (45) condicion -> . factor MAYOR factor
    (46) condicion -> . factor MENOR factor
    (47) condicion -> . factor ASIGNACION factor
    (48) condicion -> . NOT factor
    (49) condicion -> . factor DIFERENTE factor
    (50) condicion -> . compuesta AND condicion
    (51) condicion -> . compuesta OR condicion
    (52) condicion -> . compuesta
    (55) factor -> . NEW SET LPAREN LISTA RPAREN
    (56) factor -> . NUMERO
    (57) factor -> . FLOTANTE
    (58) factor -> . PALABRA
    (59) factor -> . STRING
    (60) factor -> . LPAREN expresion RPAREN
    (61) factor -> . LISTA
    (62) factor -> . BOOLEANO
    (63) factor -> . OBJETO
    (53) compuesta -> . LPAREN condicion RPAREN

    NOT             shift and go to state 76
    NEW             shift and go to state 28
    NUMERO          shift and go to state 29
    FLOTANTE        shift and go to state 30
    PALABRA         shift and go to state 53
    STRING          shift and go to state 31
    LPAREN          shift and go to state 73
    LISTA           shift and go to state 52
    BOOLEANO        shift and go to state 32
    OBJETO          shift and go to state 33

    compuesta                      shift and go to state 77
    condicion                      shift and go to state 118
    factor                         shift and go to state 75

state 99

    (51) condicion -> compuesta OR . condicion
    (44) condicion -> . factor IGUAL factor
    (45) condicion -> . factor MAYOR factor
    (46) condicion -> . factor MENOR factor
    (47) condicion -> . factor ASIGNACION factor
    (48) condicion -> . NOT factor
    (49) condicion -> . factor DIFERENTE factor
    (50) condicion -> . compuesta AND condicion
    (51) condicion -> . compuesta OR condicion
    (52) condicion -> . compuesta
    (55) factor -> . NEW SET LPAREN LISTA RPAREN
    (56) factor -> . NUMERO
    (57) factor -> . FLOTANTE
    (58) factor -> . PALABRA
    (59) factor -> . STRING
    (60) factor -> . LPAREN expresion RPAREN
    (61) factor -> . LISTA
    (62) factor -> . BOOLEANO
    (63) factor -> . OBJETO
    (53) compuesta -> . LPAREN condicion RPAREN

    NOT             shift and go to state 76
    NEW             shift and go to state 28
    NUMERO          shift and go to state 29
    FLOTANTE        shift and go to state 30
    PALABRA         shift and go to state 53
    STRING          shift and go to state 31
    LPAREN          shift and go to state 73
    LISTA           shift and go to state 52
    BOOLEANO        shift and go to state 32
    OBJETO          shift and go to state 33

    compuesta                      shift and go to state 77
    condicion                      shift and go to state 119
    factor                         shift and go to state 75

state 100

    (22) while -> WHILE LPAREN condicion RPAREN . then
    (34) then -> . LLLAVES sentencias RLLAVES

    LLLAVES         shift and go to state 112

    then                           shift and go to state 120

state 101

    (23) for -> FOR LPAREN VAR condicion . PUNTOCOMA condicion PUNTOCOMA instruccion RPAREN then

    PUNTOCOMA       shift and go to state 121


state 102

    (17) imprimir -> PROMPT LPAREN factor RPAREN .

    $end            reduce using rule 17 (imprimir -> PROMPT LPAREN factor RPAREN .)
    RLLAVES         reduce using rule 17 (imprimir -> PROMPT LPAREN factor RPAREN .)


state 103

    (18) imprimir -> CONSOLE PUNTO LOG LPAREN . factor RPAREN
    (55) factor -> . NEW SET LPAREN LISTA RPAREN
    (56) factor -> . NUMERO
    (57) factor -> . FLOTANTE
    (58) factor -> . PALABRA
    (59) factor -> . STRING
    (60) factor -> . LPAREN expresion RPAREN
    (61) factor -> . LISTA
    (62) factor -> . BOOLEANO
    (63) factor -> . OBJETO

    NEW             shift and go to state 28
    NUMERO          shift and go to state 29
    FLOTANTE        shift and go to state 30
    PALABRA         shift and go to state 53
    STRING          shift and go to state 31
    LPAREN          shift and go to state 22
    LISTA           shift and go to state 52
    BOOLEANO        shift and go to state 32
    OBJETO          shift and go to state 33

    factor                         shift and go to state 122

state 104

    (55) factor -> NEW SET LPAREN LISTA . RPAREN

    RPAREN          shift and go to state 123


state 105

    (25) include -> factor INCLUDE LPAREN factor RPAREN .

    $end            reduce using rule 25 (include -> factor INCLUDE LPAREN factor RPAREN .)
    RLLAVES         reduce using rule 25 (include -> factor INCLUDE LPAREN factor RPAREN .)


state 106

    (27) chartAt -> factor CHARTAT LPAREN factor RPAREN .

    $end            reduce using rule 27 (chartAt -> factor CHARTAT LPAREN factor RPAREN .)
    RLLAVES         reduce using rule 27 (chartAt -> factor CHARTAT LPAREN factor RPAREN .)


state 107

    (28) push -> factor PUSH LPAREN factor RPAREN .

    $end            reduce using rule 28 (push -> factor PUSH LPAREN factor RPAREN .)
    RLLAVES         reduce using rule 28 (push -> factor PUSH LPAREN factor RPAREN .)


state 108

    (29) slice -> factor SLICE LPAREN factor COMA . factor RPAREN
    (55) factor -> . NEW SET LPAREN LISTA RPAREN
    (56) factor -> . NUMERO
    (57) factor -> . FLOTANTE
    (58) factor -> . PALABRA
    (59) factor -> . STRING
    (60) factor -> . LPAREN expresion RPAREN
    (61) factor -> . LISTA
    (62) factor -> . BOOLEANO
    (63) factor -> . OBJETO

    NEW             shift and go to state 28
    NUMERO          shift and go to state 29
    FLOTANTE        shift and go to state 30
    PALABRA         shift and go to state 53
    STRING          shift and go to state 31
    LPAREN          shift and go to state 22
    LISTA           shift and go to state 52
    BOOLEANO        shift and go to state 32
    OBJETO          shift and go to state 33

    factor                         shift and go to state 124

state 109

    (31) concat -> factor CONCAT LPAREN factor RPAREN .

    $end            reduce using rule 31 (concat -> factor CONCAT LPAREN factor RPAREN .)
    RLLAVES         reduce using rule 31 (concat -> factor CONCAT LPAREN factor RPAREN .)


state 110

    (53) compuesta -> LPAREN condicion RPAREN .

    AND             reduce using rule 53 (compuesta -> LPAREN condicion RPAREN .)
    OR              reduce using rule 53 (compuesta -> LPAREN condicion RPAREN .)
    RPAREN          reduce using rule 53 (compuesta -> LPAREN condicion RPAREN .)
    PUNTOCOMA       reduce using rule 53 (compuesta -> LPAREN condicion RPAREN .)


state 111

    (19) if -> IF LPAREN condicion RPAREN then .
    (20) if -> IF LPAREN condicion RPAREN then . else
    (21) else -> . ELSE then

    $end            reduce using rule 19 (if -> IF LPAREN condicion RPAREN then .)
    RLLAVES         reduce using rule 19 (if -> IF LPAREN condicion RPAREN then .)
    ELSE            shift and go to state 126

    else                           shift and go to state 125

state 112

    (34) then -> LLLAVES . sentencias RLLAVES
    (1) sentencias -> . asignacion
    (2) sentencias -> . expresion
    (3) sentencias -> . metodos
    (4) sentencias -> . NEWLINE
    (5) sentencias -> . if
    (6) sentencias -> . while
    (7) sentencias -> . for
    (8) sentencias -> . sort
    (9) sentencias -> . include
    (10) sentencias -> . valueOf
    (11) sentencias -> . chartAt
    (12) sentencias -> . push
    (13) sentencias -> . slice
    (14) sentencias -> . pop
    (15) sentencias -> . concat
    (35) asignacion -> . PALABRA ASIGNACION expresion
    (36) expresion -> . term MAS factor
    (37) expresion -> . term MENOS factor
    (38) expresion -> . term
    (39) expresion -> . expresion PRODUCTO term
    (40) expresion -> . expresion DIVISION term
    (41) expresion -> . expresion POTENCIA term
    (42) expresion -> . term MAYOR factor
    (43) expresion -> . term MENOR factor
    (16) metodos -> . imprimir
    (19) if -> . IF LPAREN condicion RPAREN then
    (20) if -> . IF LPAREN condicion RPAREN then else
    (22) while -> . WHILE LPAREN condicion RPAREN then
    (23) for -> . FOR LPAREN VAR condicion PUNTOCOMA condicion PUNTOCOMA instruccion RPAREN then
    (24) sort -> . LISTA SORT
    (25) include -> . factor INCLUDE LPAREN factor RPAREN
    (26) valueOf -> . factor VALUEOF
    (27) chartAt -> . factor CHARTAT LPAREN factor RPAREN
    (28) push -> . factor PUSH LPAREN factor RPAREN
    (29) slice -> . factor SLICE LPAREN factor COMA factor RPAREN
    (30) pop -> . factor POP
    (31) concat -> . factor CONCAT LPAREN factor RPAREN
    (54) term -> . factor
    (17) imprimir -> . PROMPT LPAREN factor RPAREN
    (18) imprimir -> . CONSOLE PUNTO LOG LPAREN factor RPAREN
    (55) factor -> . NEW SET LPAREN LISTA RPAREN
    (56) factor -> . NUMERO
    (57) factor -> . FLOTANTE
    (58) factor -> . PALABRA
    (59) factor -> . STRING
    (60) factor -> . LPAREN expresion RPAREN
    (61) factor -> . LISTA
    (62) factor -> . BOOLEANO
    (63) factor -> . OBJETO

    NEWLINE         shift and go to state 5
    PALABRA         shift and go to state 17
    IF              shift and go to state 21
    WHILE           shift and go to state 23
    FOR             shift and go to state 24
    LISTA           shift and go to state 25
    PROMPT          shift and go to state 26
    CONSOLE         shift and go to state 27
    NEW             shift and go to state 28
    NUMERO          shift and go to state 29
    FLOTANTE        shift and go to state 30
    STRING          shift and go to state 31
    LPAREN          shift and go to state 22
    BOOLEANO        shift and go to state 32
    OBJETO          shift and go to state 33

    sentencias                     shift and go to state 127
    asignacion                     shift and go to state 2
    expresion                      shift and go to state 3
    metodos                        shift and go to state 4
    if                             shift and go to state 6
    while                          shift and go to state 7
    for                            shift and go to state 8
    sort                           shift and go to state 9
    include                        shift and go to state 10
    valueOf                        shift and go to state 11
    chartAt                        shift and go to state 12
    push                           shift and go to state 13
    slice                          shift and go to state 14
    pop                            shift and go to state 15
    concat                         shift and go to state 16
    term                           shift and go to state 18
    factor                         shift and go to state 19
    imprimir                       shift and go to state 20

state 113

    (44) condicion -> factor IGUAL factor .

    RPAREN          reduce using rule 44 (condicion -> factor IGUAL factor .)
    PUNTOCOMA       reduce using rule 44 (condicion -> factor IGUAL factor .)


state 114

    (45) condicion -> factor MAYOR factor .

    RPAREN          reduce using rule 45 (condicion -> factor MAYOR factor .)
    PUNTOCOMA       reduce using rule 45 (condicion -> factor MAYOR factor .)


state 115

    (46) condicion -> factor MENOR factor .

    RPAREN          reduce using rule 46 (condicion -> factor MENOR factor .)
    PUNTOCOMA       reduce using rule 46 (condicion -> factor MENOR factor .)


state 116

    (47) condicion -> factor ASIGNACION factor .

    RPAREN          reduce using rule 47 (condicion -> factor ASIGNACION factor .)
    PUNTOCOMA       reduce using rule 47 (condicion -> factor ASIGNACION factor .)


state 117

    (49) condicion -> factor DIFERENTE factor .

    RPAREN          reduce using rule 49 (condicion -> factor DIFERENTE factor .)
    PUNTOCOMA       reduce using rule 49 (condicion -> factor DIFERENTE factor .)


state 118

    (50) condicion -> compuesta AND condicion .

    RPAREN          reduce using rule 50 (condicion -> compuesta AND condicion .)
    PUNTOCOMA       reduce using rule 50 (condicion -> compuesta AND condicion .)


state 119

    (51) condicion -> compuesta OR condicion .

    RPAREN          reduce using rule 51 (condicion -> compuesta OR condicion .)
    PUNTOCOMA       reduce using rule 51 (condicion -> compuesta OR condicion .)


state 120

    (22) while -> WHILE LPAREN condicion RPAREN then .

    $end            reduce using rule 22 (while -> WHILE LPAREN condicion RPAREN then .)
    RLLAVES         reduce using rule 22 (while -> WHILE LPAREN condicion RPAREN then .)


state 121

    (23) for -> FOR LPAREN VAR condicion PUNTOCOMA . condicion PUNTOCOMA instruccion RPAREN then
    (44) condicion -> . factor IGUAL factor
    (45) condicion -> . factor MAYOR factor
    (46) condicion -> . factor MENOR factor
    (47) condicion -> . factor ASIGNACION factor
    (48) condicion -> . NOT factor
    (49) condicion -> . factor DIFERENTE factor
    (50) condicion -> . compuesta AND condicion
    (51) condicion -> . compuesta OR condicion
    (52) condicion -> . compuesta
    (55) factor -> . NEW SET LPAREN LISTA RPAREN
    (56) factor -> . NUMERO
    (57) factor -> . FLOTANTE
    (58) factor -> . PALABRA
    (59) factor -> . STRING
    (60) factor -> . LPAREN expresion RPAREN
    (61) factor -> . LISTA
    (62) factor -> . BOOLEANO
    (63) factor -> . OBJETO
    (53) compuesta -> . LPAREN condicion RPAREN

    NOT             shift and go to state 76
    NEW             shift and go to state 28
    NUMERO          shift and go to state 29
    FLOTANTE        shift and go to state 30
    PALABRA         shift and go to state 53
    STRING          shift and go to state 31
    LPAREN          shift and go to state 73
    LISTA           shift and go to state 52
    BOOLEANO        shift and go to state 32
    OBJETO          shift and go to state 33

    condicion                      shift and go to state 128
    factor                         shift and go to state 75
    compuesta                      shift and go to state 77

state 122

    (18) imprimir -> CONSOLE PUNTO LOG LPAREN factor . RPAREN

    RPAREN          shift and go to state 129


state 123

    (55) factor -> NEW SET LPAREN LISTA RPAREN .

    INCLUDE         reduce using rule 55 (factor -> NEW SET LPAREN LISTA RPAREN .)
    VALUEOF         reduce using rule 55 (factor -> NEW SET LPAREN LISTA RPAREN .)
    CHARTAT         reduce using rule 55 (factor -> NEW SET LPAREN LISTA RPAREN .)
    PUSH            reduce using rule 55 (factor -> NEW SET LPAREN LISTA RPAREN .)
    SLICE           reduce using rule 55 (factor -> NEW SET LPAREN LISTA RPAREN .)
    POP             reduce using rule 55 (factor -> NEW SET LPAREN LISTA RPAREN .)
    CONCAT          reduce using rule 55 (factor -> NEW SET LPAREN LISTA RPAREN .)
    MAS             reduce using rule 55 (factor -> NEW SET LPAREN LISTA RPAREN .)
    MENOS           reduce using rule 55 (factor -> NEW SET LPAREN LISTA RPAREN .)
    MAYOR           reduce using rule 55 (factor -> NEW SET LPAREN LISTA RPAREN .)
    MENOR           reduce using rule 55 (factor -> NEW SET LPAREN LISTA RPAREN .)
    PRODUCTO        reduce using rule 55 (factor -> NEW SET LPAREN LISTA RPAREN .)
    DIVISION        reduce using rule 55 (factor -> NEW SET LPAREN LISTA RPAREN .)
    POTENCIA        reduce using rule 55 (factor -> NEW SET LPAREN LISTA RPAREN .)
    $end            reduce using rule 55 (factor -> NEW SET LPAREN LISTA RPAREN .)
    RPAREN          reduce using rule 55 (factor -> NEW SET LPAREN LISTA RPAREN .)
    RLLAVES         reduce using rule 55 (factor -> NEW SET LPAREN LISTA RPAREN .)
    IGUAL           reduce using rule 55 (factor -> NEW SET LPAREN LISTA RPAREN .)
    ASIGNACION      reduce using rule 55 (factor -> NEW SET LPAREN LISTA RPAREN .)
    DIFERENTE       reduce using rule 55 (factor -> NEW SET LPAREN LISTA RPAREN .)
    COMA            reduce using rule 55 (factor -> NEW SET LPAREN LISTA RPAREN .)
    PUNTOCOMA       reduce using rule 55 (factor -> NEW SET LPAREN LISTA RPAREN .)
    ASCENDER        reduce using rule 55 (factor -> NEW SET LPAREN LISTA RPAREN .)
    DESCENDER       reduce using rule 55 (factor -> NEW SET LPAREN LISTA RPAREN .)


state 124

    (29) slice -> factor SLICE LPAREN factor COMA factor . RPAREN

    RPAREN          shift and go to state 130


state 125

    (20) if -> IF LPAREN condicion RPAREN then else .

    $end            reduce using rule 20 (if -> IF LPAREN condicion RPAREN then else .)
    RLLAVES         reduce using rule 20 (if -> IF LPAREN condicion RPAREN then else .)


state 126

    (21) else -> ELSE . then
    (34) then -> . LLLAVES sentencias RLLAVES

    LLLAVES         shift and go to state 112

    then                           shift and go to state 131

state 127

    (34) then -> LLLAVES sentencias . RLLAVES

    RLLAVES         shift and go to state 132


state 128

    (23) for -> FOR LPAREN VAR condicion PUNTOCOMA condicion . PUNTOCOMA instruccion RPAREN then

    PUNTOCOMA       shift and go to state 133


state 129

    (18) imprimir -> CONSOLE PUNTO LOG LPAREN factor RPAREN .

    $end            reduce using rule 18 (imprimir -> CONSOLE PUNTO LOG LPAREN factor RPAREN .)
    RLLAVES         reduce using rule 18 (imprimir -> CONSOLE PUNTO LOG LPAREN factor RPAREN .)


state 130

    (29) slice -> factor SLICE LPAREN factor COMA factor RPAREN .

    $end            reduce using rule 29 (slice -> factor SLICE LPAREN factor COMA factor RPAREN .)
    RLLAVES         reduce using rule 29 (slice -> factor SLICE LPAREN factor COMA factor RPAREN .)


state 131

    (21) else -> ELSE then .

    $end            reduce using rule 21 (else -> ELSE then .)
    RLLAVES         reduce using rule 21 (else -> ELSE then .)


state 132

    (34) then -> LLLAVES sentencias RLLAVES .

    ELSE            reduce using rule 34 (then -> LLLAVES sentencias RLLAVES .)
    $end            reduce using rule 34 (then -> LLLAVES sentencias RLLAVES .)
    RLLAVES         reduce using rule 34 (then -> LLLAVES sentencias RLLAVES .)


state 133

    (23) for -> FOR LPAREN VAR condicion PUNTOCOMA condicion PUNTOCOMA . instruccion RPAREN then
    (32) instruccion -> . factor ASCENDER
    (33) instruccion -> . factor DESCENDER
    (55) factor -> . NEW SET LPAREN LISTA RPAREN
    (56) factor -> . NUMERO
    (57) factor -> . FLOTANTE
    (58) factor -> . PALABRA
    (59) factor -> . STRING
    (60) factor -> . LPAREN expresion RPAREN
    (61) factor -> . LISTA
    (62) factor -> . BOOLEANO
    (63) factor -> . OBJETO

    NEW             shift and go to state 28
    NUMERO          shift and go to state 29
    FLOTANTE        shift and go to state 30
    PALABRA         shift and go to state 53
    STRING          shift and go to state 31
    LPAREN          shift and go to state 22
    LISTA           shift and go to state 52
    BOOLEANO        shift and go to state 32
    OBJETO          shift and go to state 33

    instruccion                    shift and go to state 134
    factor                         shift and go to state 135

state 134

    (23) for -> FOR LPAREN VAR condicion PUNTOCOMA condicion PUNTOCOMA instruccion . RPAREN then

    RPAREN          shift and go to state 136


state 135

    (32) instruccion -> factor . ASCENDER
    (33) instruccion -> factor . DESCENDER

    ASCENDER        shift and go to state 137
    DESCENDER       shift and go to state 138


state 136

    (23) for -> FOR LPAREN VAR condicion PUNTOCOMA condicion PUNTOCOMA instruccion RPAREN . then
    (34) then -> . LLLAVES sentencias RLLAVES

    LLLAVES         shift and go to state 112

    then                           shift and go to state 139

state 137

    (32) instruccion -> factor ASCENDER .

    RPAREN          reduce using rule 32 (instruccion -> factor ASCENDER .)


state 138

    (33) instruccion -> factor DESCENDER .

    RPAREN          reduce using rule 33 (instruccion -> factor DESCENDER .)


state 139

    (23) for -> FOR LPAREN VAR condicion PUNTOCOMA condicion PUNTOCOMA instruccion RPAREN then .

    $end            reduce using rule 23 (for -> FOR LPAREN VAR condicion PUNTOCOMA condicion PUNTOCOMA instruccion RPAREN then .)
    RLLAVES         reduce using rule 23 (for -> FOR LPAREN VAR condicion PUNTOCOMA condicion PUNTOCOMA instruccion RPAREN then .)

WARNING: 
WARNING: Conflicts:
WARNING: 
WARNING: shift/reduce conflict for MAYOR in state 90 resolved as shift
WARNING: shift/reduce conflict for MENOR in state 90 resolved as shift
